<?xml version="1.0" encoding="UTF-8"?>
<!-- Generated by org.testng.reporters.JUnitXMLReporter -->
<testsuite hostname="DESKTOP-A15AP0F" ignored="0" name="Default test" tests="3" failures="0" timestamp="2021-05-27T19:47:23 IST" time="69.677" errors="0">
  <testcase name="validateTitleOfLoginPage" time="1.913" classname="com.Salesforce.testCases.LoginPageTest"/>
  <testcase name="validateLoginPage" time="0.797" classname="com.Salesforce.testCases.LoginPageTest"/>
  <testcase name="loginApplication" time="4.551" classname="com.Salesforce.testCases.LoginPageTest"/>
</testsuite> <!-- Default test -->
