<?xml version="1.0" encoding="UTF-8"?>
<testng-results skipped="0" failed="0" ignored="0" total="3" passed="3">
  <reporter-output>
  </reporter-output>
  <suite name="Default suite" duration-ms="69677" started-at="2021-05-27T19:46:13 IST" finished-at="2021-05-27T19:47:23 IST">
    <groups>
    </groups>
    <test name="Default test" duration-ms="69677" started-at="2021-05-27T19:46:13 IST" finished-at="2021-05-27T19:47:23 IST">
      <class name="com.Salesforce.testCases.LoginPageTest">
        <test-method status="PASS" signature="setUp()[pri:0, instance:com.Salesforce.testCases.LoginPageTest@769f71a9]" name="setUp" is-config="true" duration-ms="31043" started-at="2021-05-27T19:46:13 IST" finished-at="2021-05-27T19:46:44 IST">
          <reporter-output>
          </reporter-output>
        </test-method> <!-- setUp -->
        <test-method status="PASS" signature="validateTitleOfLoginPage()[pri:1, instance:com.Salesforce.testCases.LoginPageTest@769f71a9]" name="validateTitleOfLoginPage" duration-ms="1913" started-at="2021-05-27T19:46:46 IST" finished-at="2021-05-27T19:46:48 IST">
          <reporter-output>
          </reporter-output>
        </test-method> <!-- validateTitleOfLoginPage -->
        <test-method status="PASS" signature="tearDown()[pri:0, instance:com.Salesforce.testCases.LoginPageTest@769f71a9]" name="tearDown" is-config="true" duration-ms="1718" started-at="2021-05-27T19:46:48 IST" finished-at="2021-05-27T19:46:50 IST">
          <reporter-output>
          </reporter-output>
        </test-method> <!-- tearDown -->
        <test-method status="PASS" signature="setUp()[pri:0, instance:com.Salesforce.testCases.LoginPageTest@769f71a9]" name="setUp" is-config="true" duration-ms="12953" started-at="2021-05-27T19:46:50 IST" finished-at="2021-05-27T19:47:03 IST">
          <reporter-output>
          </reporter-output>
        </test-method> <!-- setUp -->
        <test-method status="PASS" signature="validateLoginPage()[pri:2, instance:com.Salesforce.testCases.LoginPageTest@769f71a9]" name="validateLoginPage" duration-ms="797" started-at="2021-05-27T19:47:03 IST" finished-at="2021-05-27T19:47:03 IST">
          <reporter-output>
          </reporter-output>
        </test-method> <!-- validateLoginPage -->
        <test-method status="PASS" signature="tearDown()[pri:0, instance:com.Salesforce.testCases.LoginPageTest@769f71a9]" name="tearDown" is-config="true" duration-ms="772" started-at="2021-05-27T19:47:03 IST" finished-at="2021-05-27T19:47:04 IST">
          <reporter-output>
          </reporter-output>
        </test-method> <!-- tearDown -->
        <test-method status="PASS" signature="setUp()[pri:0, instance:com.Salesforce.testCases.LoginPageTest@769f71a9]" name="setUp" is-config="true" duration-ms="13109" started-at="2021-05-27T19:47:04 IST" finished-at="2021-05-27T19:47:17 IST">
          <reporter-output>
          </reporter-output>
        </test-method> <!-- setUp -->
        <test-method status="PASS" signature="loginApplication()[pri:3, instance:com.Salesforce.testCases.LoginPageTest@769f71a9]" name="loginApplication" duration-ms="4551" started-at="2021-05-27T19:47:17 IST" finished-at="2021-05-27T19:47:22 IST">
          <reporter-output>
          </reporter-output>
        </test-method> <!-- loginApplication -->
        <test-method status="PASS" signature="tearDown()[pri:0, instance:com.Salesforce.testCases.LoginPageTest@769f71a9]" name="tearDown" is-config="true" duration-ms="1093" started-at="2021-05-27T19:47:22 IST" finished-at="2021-05-27T19:47:23 IST">
          <reporter-output>
          </reporter-output>
        </test-method> <!-- tearDown -->
      </class> <!-- com.Salesforce.testCases.LoginPageTest -->
    </test> <!-- Default test -->
  </suite> <!-- Default suite -->
</testng-results>
